Build started 31/10/2012 02:03:27.
     1>Project "C:\ragnarok\Develop - Cronus\[3006] Cronus SQL-TXT\vcproj-9\map-server_sql.vcxproj" on node 2 (build target(s)).
     1>InitializeBuildStatus:
         Creating "map-server_sql\Debug\map-server_sql.unsuccessfulbuild" because "AlwaysCreate" was specified.
       ClCompile:
         c:\Program Files\Microsoft Visual Studio 10.0\VC\bin\CL.exe /c /I..\3rdparty\mysql\include /I..\3rdparty\zlib\include /I..\3rdparty\pcre\include /ZI /nologo /W3 /WX- /Od /Oy- /D WIN32 /D _WIN32 /D __WIN32 /D _DEBUG /D PCRE_SUPPORT /D _CRT_SECURE_NO_DEPRECATE /D _CRT_NONSTDC_NO_DEPRECATE /D FD_SETSIZE=4096 /D DB_MANUAL_CAST_TO_UNION /D _MBCS /Gm /RTC1 /MTd /GS /Gy /fp:precise /Zc:wchar_t /Zc:forScope /Fo"map-server_sql\Debug\\" /Fd"map-server_sql\Debug\vc100.pdb" /Gd /TC /wd4018 /wd4100 /wd4800 /analyze- /errorReport:prompt ..\src\common\core.c ..\src\common\db.c ..\src\common\ers.c ..\src\common\grfio.c ..\src\common\lock.c ..\src\common\malloc.c ..\src\common\mapindex.c ..\src\common\md5calc.c ..\src\common\nullpo.c ..\src\common\plugins.c ..\src\common\showmsg.c ..\src\common\socket.c ..\src\common\sql.c ..\src\common\strlib.c ..\src\common\timer.c ..\src\common\utils.c ..\src\map\atcommand.c ..\src\map\battle.c ..\src\map\battleground.c ..\src\map\chat.c ..\src\map\chrif.c ..\src\map\clif.c ..\src\map\date.c ..\src\map\guild.c ..\src\map\homunculus.c ..\src\map\instance.c ..\src\map\intif.c ..\src\map\itemdb.c ..\src\map\log.c ..\src\map\mail.c ..\src\map\map.c ..\src\map\mapreg_sql.c ..\src\map\mercenary.c ..\src\map\mob.c ..\src\map\npc.c ..\src\map\npc_chat.c ..\src\map\party.c ..\src\map\path.c ..\src\map\pc.c ..\src\map\pet.c ..\src\map\quest.c ..\src\map\script.c ..\src\map\skill.c ..\src\map\status.c ..\src\map\storage.c ..\src\map\trade.c ..\src\map\unit.c ..\src\map\vending.c
         vending.c
         unit.c
         trade.c
         storage.c
         status.c
         skill.c
         script.c
         quest.c
         pet.c
         pc.c
         path.c
         party.c
         npc_chat.c
         npc.c
         mob.c
         mercenary.c
         mapreg_sql.c
         map.c
         mail.c
         log.c
         Generating Code...
         Compiling...
         itemdb.c
         intif.c
         instance.c
         homunculus.c
         guild.c
         date.c
         clif.c
         chrif.c
         chat.c
         battleground.c
         battle.c
         atcommand.c
         utils.c
         timer.c
         strlib.c
         sql.c
         socket.c
         showmsg.c
         plugins.c
         nullpo.c
         Generating Code...
         Compiling...
         md5calc.c
         mapindex.c
         malloc.c
         lock.c
         grfio.c
         ers.c
         db.c
         core.c
         Generating Code...
       ManifestResourceCompile:
         C:\Program Files\Microsoft SDKs\Windows\v7.0A\bin\rc.exe /nologo /fo"map-server_sql\Debug\map-server_sql.exe.embed.manifest.res" map-server_sql\Debug\map-server_sql_manifest.rc 
       Link:
         c:\Program Files\Microsoft Visual Studio 10.0\VC\bin\link.exe /ERRORREPORT:PROMPT /OUT:"..\map-server_sql.exe" /INCREMENTAL /NOLOGO /LIBPATH:..\3rdparty\mysql\lib /LIBPATH:..\3rdparty\zlib\lib /LIBPATH:..\3rdparty\pcre\lib libcmtd.lib oldnames.lib ws2_32.lib libmysql.lib zdll.lib pcre.lib kernel32.lib user32.lib gdi32.lib winspool.lib comdlg32.lib advapi32.lib shell32.lib ole32.lib oleaut32.lib uuid.lib odbc32.lib odbccp32.lib /NODEFAULTLIB /MANIFEST /ManifestFile:"map-server_sql\Debug\map-server_sql.exe.intermediate.manifest" /MANIFESTUAC:"level='asInvoker' uiAccess='false'" /DEBUG /PDB:"..\map-server_sql.pdb" /SUBSYSTEM:CONSOLE /TLBID:1 /DYNAMICBASE:NO /IMPLIB:"..\map-server_sql.lib" /MACHINE:X86 "map-server_sql\Debug\map-server_sql.exe.embed.manifest.res"
         "map-server_sql\Debug\core.obj"
         "map-server_sql\Debug\db.obj"
         "map-server_sql\Debug\ers.obj"
         "map-server_sql\Debug\grfio.obj"
         "map-server_sql\Debug\lock.obj"
         "map-server_sql\Debug\malloc.obj"
         "map-server_sql\Debug\mapindex.obj"
         "map-server_sql\Debug\md5calc.obj"
         "map-server_sql\Debug\nullpo.obj"
         "map-server_sql\Debug\plugins.obj"
         "map-server_sql\Debug\showmsg.obj"
         "map-server_sql\Debug\socket.obj"
         "map-server_sql\Debug\sql.obj"
         "map-server_sql\Debug\strlib.obj"
         "map-server_sql\Debug\timer.obj"
         "map-server_sql\Debug\utils.obj"
         "map-server_sql\Debug\atcommand.obj"
         "map-server_sql\Debug\battle.obj"
         "map-server_sql\Debug\battleground.obj"
         "map-server_sql\Debug\chat.obj"
         "map-server_sql\Debug\chrif.obj"
         "map-server_sql\Debug\clif.obj"
         "map-server_sql\Debug\date.obj"
         "map-server_sql\Debug\guild.obj"
         "map-server_sql\Debug\homunculus.obj"
         "map-server_sql\Debug\instance.obj"
         "map-server_sql\Debug\intif.obj"
         "map-server_sql\Debug\itemdb.obj"
         "map-server_sql\Debug\log.obj"
         "map-server_sql\Debug\mail.obj"
         "map-server_sql\Debug\map.obj"
         "map-server_sql\Debug\mapreg_sql.obj"
         "map-server_sql\Debug\mercenary.obj"
         "map-server_sql\Debug\mob.obj"
         "map-server_sql\Debug\npc.obj"
         "map-server_sql\Debug\npc_chat.obj"
         "map-server_sql\Debug\party.obj"
         "map-server_sql\Debug\path.obj"
         "map-server_sql\Debug\pc.obj"
         "map-server_sql\Debug\pet.obj"
         "map-server_sql\Debug\quest.obj"
         "map-server_sql\Debug\script.obj"
         "map-server_sql\Debug\skill.obj"
         "map-server_sql\Debug\status.obj"
         "map-server_sql\Debug\storage.obj"
         "map-server_sql\Debug\trade.obj"
         "map-server_sql\Debug\unit.obj"
         "map-server_sql\Debug\vending.obj"
       Manifest:
         C:\Program Files\Microsoft SDKs\Windows\v7.0A\bin\mt.exe /nologo /verbose /out:"map-server_sql\Debug\map-server_sql.exe.embed.manifest" /manifest "map-server_sql\Debug\map-server_sql.exe.intermediate.manifest"
         C:\Program Files\Microsoft SDKs\Windows\v7.0A\bin\rc.exe /nologo /fo"map-server_sql\Debug\map-server_sql.exe.embed.manifest.res" map-server_sql\Debug\map-server_sql_manifest.rc 
       LinkEmbedManifest:
         c:\Program Files\Microsoft Visual Studio 10.0\VC\bin\link.exe /ERRORREPORT:PROMPT /OUT:"..\map-server_sql.exe" /INCREMENTAL /NOLOGO /LIBPATH:..\3rdparty\mysql\lib /LIBPATH:..\3rdparty\zlib\lib /LIBPATH:..\3rdparty\pcre\lib libcmtd.lib oldnames.lib ws2_32.lib libmysql.lib zdll.lib pcre.lib kernel32.lib user32.lib gdi32.lib winspool.lib comdlg32.lib advapi32.lib shell32.lib ole32.lib oleaut32.lib uuid.lib odbc32.lib odbccp32.lib /NODEFAULTLIB /MANIFEST /ManifestFile:"map-server_sql\Debug\map-server_sql.exe.intermediate.manifest" /MANIFESTUAC:"level='asInvoker' uiAccess='false'" /DEBUG /PDB:"..\map-server_sql.pdb" /SUBSYSTEM:CONSOLE /TLBID:1 /DYNAMICBASE:NO /IMPLIB:"..\map-server_sql.lib" /MACHINE:X86 "map-server_sql\Debug\map-server_sql.exe.embed.manifest.res"
         "map-server_sql\Debug\core.obj"
         "map-server_sql\Debug\db.obj"
         "map-server_sql\Debug\ers.obj"
         "map-server_sql\Debug\grfio.obj"
         "map-server_sql\Debug\lock.obj"
         "map-server_sql\Debug\malloc.obj"
         "map-server_sql\Debug\mapindex.obj"
         "map-server_sql\Debug\md5calc.obj"
         "map-server_sql\Debug\nullpo.obj"
         "map-server_sql\Debug\plugins.obj"
         "map-server_sql\Debug\showmsg.obj"
         "map-server_sql\Debug\socket.obj"
         "map-server_sql\Debug\sql.obj"
         "map-server_sql\Debug\strlib.obj"
         "map-server_sql\Debug\timer.obj"
         "map-server_sql\Debug\utils.obj"
         "map-server_sql\Debug\atcommand.obj"
         "map-server_sql\Debug\battle.obj"
         "map-server_sql\Debug\battleground.obj"
         "map-server_sql\Debug\chat.obj"
         "map-server_sql\Debug\chrif.obj"
         "map-server_sql\Debug\clif.obj"
         "map-server_sql\Debug\date.obj"
         "map-server_sql\Debug\guild.obj"
         "map-server_sql\Debug\homunculus.obj"
         "map-server_sql\Debug\instance.obj"
         "map-server_sql\Debug\intif.obj"
         "map-server_sql\Debug\itemdb.obj"
         "map-server_sql\Debug\log.obj"
         "map-server_sql\Debug\mail.obj"
         "map-server_sql\Debug\map.obj"
         "map-server_sql\Debug\mapreg_sql.obj"
         "map-server_sql\Debug\mercenary.obj"
         "map-server_sql\Debug\mob.obj"
         "map-server_sql\Debug\npc.obj"
         "map-server_sql\Debug\npc_chat.obj"
         "map-server_sql\Debug\party.obj"
         "map-server_sql\Debug\path.obj"
         "map-server_sql\Debug\pc.obj"
         "map-server_sql\Debug\pet.obj"
         "map-server_sql\Debug\quest.obj"
         "map-server_sql\Debug\script.obj"
         "map-server_sql\Debug\skill.obj"
         "map-server_sql\Debug\status.obj"
         "map-server_sql\Debug\storage.obj"
         "map-server_sql\Debug\trade.obj"
         "map-server_sql\Debug\unit.obj"
         "map-server_sql\Debug\vending.obj"
         map-server_sql.vcxproj -> C:\ragnarok\Develop - Cronus\[3006] Cronus SQL-TXT\vcproj-9\..\map-server_sql.exe
       FinalizeBuildStatus:
         Deleting file "map-server_sql\Debug\map-server_sql.unsuccessfulbuild".
         Touching "map-server_sql\Debug\map-server_sql.lastbuildstate".
     1>Done Building Project "C:\ragnarok\Develop - Cronus\[3006] Cronus SQL-TXT\vcproj-9\map-server_sql.vcxproj" (build target(s)).

Build succeeded.

Time Elapsed 00:00:20.37
