12/22/2010 01:20:40 - 150000	A	5555,1,new_1-1
12/22/2010 01:20:47 - 150000	A	5554,1,new_1-1
12/22/2010 01:20:48 - 150000	A	5556,1,new_1-1
12/22/2010 01:20:49 - 150000	A	5550,1,new_1-1
12/22/2010 01:21:01 - 150000	A	5500,1,new_1-1
12/22/2010 01:21:14 - 150000	A	5499,1,new_1-1
12/22/2010 01:21:15 - 150000	A	5498,1,new_1-1
12/22/2010 01:21:16 - 150000	A	5495,1,new_1-1
12/22/2010 01:21:20 - 150000	A	5490,1,new_1-1
12/22/2010 01:21:21 - 150000	A	5497,1,new_1-1
12/22/2010 01:21:22 - 150000	A	5496,1,new_1-1
12/22/2010 01:21:40 - 150000	A	5377,1,new_1-1
12/22/2010 13:19:47 - 1708	M	2519,-1,prontera
12/22/2010 13:19:47 - 1708	M	7450,-1,prontera
12/22/2010 13:19:47 - 1708	M	2342,-1,prontera
12/22/2010 13:19:47 - 1708	M	2412,-1,prontera
12/22/2010 13:19:47 - 1708	M	2515,-1,prontera
12/22/2010 13:19:47 - 1708	M	2655,-1,prontera
12/22/2010 13:19:47 - 1708	M	617,-1,prontera
12/22/2010 13:19:47 - 150002	P	617,1,prontera
12/28/2010 22:38:12 - 150002	A	18200,1,sec_in01
12/28/2010 22:38:16 - 150002	C	18200,-1,0,0,0,0,0,sec_in01
12/28/2010 22:38:50 - 150002	A	18200,1,sec_in01
12/28/2010 22:38:52 - 150002	C	18200,-1,0,0,0,0,0,sec_in01
12/28/2010 22:39:17 - 150002	A	18200,1,sec_in01
12/28/2010 22:39:21 - 150002	C	18200,-1,0,0,0,0,0,sec_in01
12/28/2010 22:39:26 - 150002	A	18200,1,sec_in01
12/28/2010 22:39:27 - 150002	C	18200,-1,0,0,0,0,0,sec_in01
12/28/2010 22:39:42 - 150002	A	18200,1,sec_in01
12/28/2010 22:39:44 - 150002	C	18200,-1,0,0,0,0,0,sec_in01
12/28/2010 22:40:01 - 150002	A	18200,1,sec_in01
12/28/2010 22:40:02 - 150002	C	18200,-1,0,0,0,0,0,sec_in01
12/28/2010 22:40:32 - 150002	A	18200,1,sec_in01
12/28/2010 22:40:35 - 150002	C	18200,-1,0,0,0,0,0,sec_in01
12/28/2010 22:40:35 - 150002	A	18200,1,sec_in01
12/28/2010 22:40:36 - 150002	C	18200,-1,0,0,0,0,0,sec_in01
12/28/2010 22:40:36 - 150002	A	18200,1,sec_in01
12/28/2010 22:40:36 - 150002	C	18200,-1,0,0,0,0,0,sec_in01
12/28/2010 22:40:36 - 150002	A	18200,1,sec_in01
12/28/2010 22:40:37 - 150002	C	18200,-1,0,0,0,0,0,sec_in01
12/28/2010 22:40:37 - 150002	A	18200,1,sec_in01
12/28/2010 22:40:38 - 150002	C	18200,-1,0,0,0,0,0,sec_in01
12/28/2010 22:40:38 - 150002	A	18200,1,sec_in01
12/28/2010 22:40:51 - 150002	A	18200,1,sec_in01
12/28/2010 22:40:53 - 150002	C	18200,-1,0,0,0,0,0,sec_in01
12/28/2010 22:40:53 - 150002	A	18200,1,sec_in01
12/28/2010 22:40:54 - 150002	P	18200,-2,0,0,0,0,0,sec_in01
12/28/2010 22:40:56 - 150002	A	18200,1,sec_in01
12/28/2010 22:40:58 - 150002	C	18200,-1,0,0,0,0,0,sec_in01
12/28/2010 22:40:58 - 150002	A	18200,1,sec_in01
12/28/2010 22:40:59 - 150002	C	18200,-1,0,0,0,0,0,sec_in01
12/28/2010 22:40:59 - 150002	A	18200,1,sec_in01
12/28/2010 22:42:21 - 150002	P	18200,-1,0,0,0,0,0,sec_in01
12/28/2010 22:42:25 - 150002	A	18200,1,sec_in01
12/28/2010 22:42:28 - 150002	P	18200,-1,0,0,0,0,0,sec_in01
12/28/2010 22:43:16 - 150002	P	18200,-1,0,0,0,0,0,sec_in01
12/28/2010 22:44:15 - 150002	A	12261,1,sec_in01
12/28/2010 22:44:20 - 150002	R	12261,-1,0,0,0,0,0,sec_in01
12/28/2010 22:44:22 - 150002	R	12261,1,0,0,0,0,0,sec_in01
12/28/2010 22:47:28 - 150002	A	18200,1,sec_in01
12/28/2010 22:47:31 - 150002	P	18200,-1,0,0,0,0,0,sec_in01
12/31/2010 22:00:55 - 1502	M	5035,-1,sec_in01
12/31/2010 22:00:55 - 1502	M	2344,-1,sec_in01
12/31/2010 22:00:55 - 1502	M	2346,-1,sec_in01
12/31/2010 22:00:55 - 1502	M	2350,-1,sec_in01
12/31/2010 22:00:55 - 1502	M	2348,-1,sec_in01
12/31/2010 22:00:55 - 1502	M	2655,-1,sec_in01
12/31/2010 22:00:55 - 1502	M	7126,-1,sec_in01
12/31/2010 22:00:55 - 1502	M	2110,-1,sec_in01
12/31/2010 22:00:55 - 1502	M	2286,-1,sec_in01
12/31/2010 22:00:55 - 150002	P	2286,1,sec_in01
12/31/2010 22:00:57 - 150002	P	5035,1,0,0,0,0,0,sec_in01
12/31/2010 22:00:58 - 150002	P	7126,1,0,0,0,0,0,sec_in01
12/31/2010 22:00:58 - 150002	P	2350,1,0,0,0,0,0,sec_in01
12/31/2010 22:00:59 - 150002	P	2346,1,0,0,0,0,0,sec_in01
12/31/2010 22:00:59 - 150002	P	2655,1,0,0,0,0,0,sec_in01
12/31/2010 22:01:00 - 150002	P	2110,1,0,0,0,0,0,sec_in01
12/31/2010 22:01:00 - 150002	P	2344,1,0,0,0,0,0,sec_in01
12/31/2010 22:01:01 - 150002	P	2348,1,0,0,0,0,0,sec_in01
01/05/2011 16:33:49 - 150002	A	15051,1,prontera
01/05/2011 16:33:52 - 150002	A	15052,1,prontera
01/05/2011 16:33:53 - 150002	A	15053,1,prontera
01/05/2011 16:33:54 - 150002	A	15054,1,prontera
01/05/2011 16:33:56 - 150002	A	15055,1,prontera
01/05/2011 16:33:57 - 150002	A	15056,1,prontera
01/05/2011 16:33:59 - 150002	A	15057,1,prontera
01/05/2011 16:34:04 - 150002	A	20000,1,prontera
01/05/2011 16:34:06 - 150002	A	20001,1,prontera
01/05/2011 16:34:07 - 150002	A	20002,1,prontera
01/05/2011 16:34:08 - 150002	A	20003,1,prontera
01/05/2011 16:34:09 - 150002	A	20004,1,prontera
01/05/2011 16:34:10 - 150002	A	20005,1,prontera
01/05/2011 16:34:11 - 150002	A	20006,1,prontera
01/05/2011 16:34:13 - 150002	A	20007,1,prontera
01/05/2011 16:34:21 - 150002	A	20009,1,prontera
01/05/2011 16:34:29 - 150002	A	20016,1,prontera
01/05/2011 16:34:32 - 150002	A	20018,1,prontera
01/05/2011 16:34:33 - 150002	A	20019,1,prontera
01/05/2011 16:34:36 - 150002	A	20020,1,prontera
01/05/2011 16:34:37 - 150002	A	20021,1,prontera
01/05/2011 16:34:39 - 150002	A	20022,1,prontera
01/05/2011 16:34:40 - 150002	A	20023,1,prontera
01/05/2011 16:34:42 - 150002	A	20024,1,prontera
01/05/2011 16:34:43 - 150002	A	20025,1,prontera
01/05/2011 16:50:08 - 150002	A	20008,1,prontera
01/05/2011 17:07:50 - 150002	A	20017,1,prontera
01/05/2011 17:08:44 - 150002	A	20016,1,prontera
01/05/2011 17:08:46 - 150002	A	20017,1,prontera
01/05/2011 17:08:52 - 150002	P	20017,-1,0,0,0,0,0,prontera
01/05/2011 17:10:08 - 150002	A	7339,1,prontera
01/05/2011 17:12:05 - 150002	C	20000,-1,0,0,0,0,0,prontera
01/05/2011 17:12:08 - 150002	C	20007,-1,0,0,0,0,0,prontera
01/05/2011 17:12:11 - 150002	C	15057,-1,0,0,0,0,0,prontera
01/05/2011 17:16:25 - 150002	A	7350,1,prontera
01/05/2011 17:19:51 - 150002	A	18200,1,prontera
01/05/2011 17:19:59 - 150002	C	18200,-1,0,0,0,0,0,prontera
01/05/2011 17:19:59 - 150002	A	18200,1,sec_in01
01/05/2011 17:21:15 - 150002	P	18200,-1,0,0,0,0,0,salavip
01/05/2011 17:21:18 - 150002	A	18200,1,salavip
01/05/2011 17:21:20 - 150002	C	18200,-1,0,0,0,0,0,salavip
01/05/2011 17:21:20 - 150002	A	18200,1,salavip
01/05/2011 17:52:26 - 150002	C	12261,-1,0,0,0,0,0,prontera
01/05/2011 17:52:31 - 150002	C	617,-1,0,0,0,0,0,prontera
01/05/2011 17:52:31 - 150002	N	516,1,prontera
01/05/2011 18:26:19 - 150005	A	20008,1,new_1-1
01/05/2011 18:26:29 - 150005	A	20009,1,new_1-1
01/05/2011 18:26:33 - 150005	A	20017,1,new_1-1
01/05/2011 18:35:21 - 150002	C	18200,-1,0,0,0,0,0,prontera
01/05/2011 18:35:21 - 150002	A	18200,1,salavip
01/06/2011 12:21:41 - 150002	A	1751,1,salavip
01/06/2011 12:21:43 - 150002	A	1752,1,salavip
01/06/2011 12:21:44 - 150002	A	1753,1,salavip
01/06/2011 12:21:45 - 150002	A	1754,1,salavip
01/06/2011 12:21:46 - 150002	A	1755,1,salavip
01/06/2011 12:21:47 - 150002	A	1756,1,salavip
01/06/2011 12:21:50 - 150002	A	1757,1,salavip
01/06/2011 12:21:52 - 150002	A	1758,1,salavip
01/06/2011 12:21:53 - 150002	A	1759,1,salavip
01/06/2011 12:21:56 - 150002	A	1760,1,salavip
01/06/2011 12:21:59 - 150002	A	1757,1,salavip
01/06/2011 12:22:02 - 150002	A	1758,1,salavip
01/06/2011 12:23:12 - 150002	A	1760,1,salavip
01/06/2011 12:23:13 - 150002	A	1761,1,salavip
01/06/2011 12:23:15 - 150002	A	1762,1,salavip
01/06/2011 12:23:16 - 150002	A	1763,1,salavip
01/06/2011 12:23:17 - 150002	A	1764,1,salavip
01/06/2011 12:23:20 - 150002	A	1765,1,salavip
01/06/2011 12:24:57 - 150002	A	1765,1,salavip
01/06/2011 12:25:00 - 150002	A	1766,1,salavip
01/06/2011 12:25:02 - 150002	A	1767,1,salavip
01/06/2011 12:25:04 - 150002	A	1768,1,salavip
01/06/2011 13:20:53 - 150002	C	18200,-1,0,0,0,0,0,quiz_02
01/06/2011 13:20:53 - 150002	A	18200,1,salavip
01/08/2011 05:15:16 - 150001	A	5172,1,prontera
01/08/2011 05:15:25 - 150001	P	2301,-1,0,0,0,0,0,prontera
01/08/2011 05:15:26 - 150001	P	1201,-1,0,0,0,0,0,prontera
01/08/2011 05:21:57 - 150001	P	5172,-1,0,0,0,0,0,prontera
01/08/2011 05:42:00 - 1765	M	2115,-1,prontera
01/08/2011 05:42:44 - 150006	P	2115,1,0,0,0,0,0,prontera
01/08/2011 05:43:01 - 1002	M	909,-1,prontera
01/08/2011 05:43:01 - 1002	M	1202,-1,prontera
01/08/2011 05:43:01 - 1002	M	512,-1,prontera
01/08/2011 05:43:01 - 1002	M	713,-1,prontera
01/08/2011 05:43:01 - 1002	M	512,-1,prontera
01/08/2011 05:43:05 - 1002	L	512,1,0,0,0,0,0,prontera
01/08/2011 05:43:05 - 1002	L	713,1,0,0,0,0,0,prontera
01/08/2011 05:43:05 - 1002	L	909,1,0,0,0,0,0,prontera
01/08/2011 05:43:05 - 1002	L	512,1,0,0,0,0,0,prontera
01/08/2011 05:43:06 - 1002	L	1202,1,0,0,0,0,0,prontera
01/08/2011 05:43:13 - 1002	M	909,-1,prontera
01/08/2011 05:43:13 - 1002	M	1202,-1,prontera
01/08/2011 05:43:13 - 1002	M	938,-1,prontera
01/08/2011 05:43:13 - 1002	M	512,-1,prontera
01/08/2011 05:43:13 - 1002	M	713,-1,prontera
01/08/2011 05:43:13 - 1002	L	512,-1,0,0,0,0,0,prontera
01/08/2011 05:43:13 - 1002	L	713,-1,0,0,0,0,0,prontera
01/08/2011 05:43:13 - 1002	L	909,-1,0,0,0,0,0,prontera
01/08/2011 05:43:13 - 1002	L	512,-1,0,0,0,0,0,prontera
01/08/2011 05:43:13 - 1002	L	1202,-1,0,0,0,0,0,prontera
01/08/2011 05:43:17 - 1002	L	512,1,0,0,0,0,0,prontera
01/08/2011 05:43:17 - 1002	L	512,1,0,0,0,0,0,prontera
01/08/2011 05:43:19 - 1002	L	909,1,0,0,0,0,0,prontera
01/08/2011 05:43:19 - 1002	L	938,1,0,0,0,0,0,prontera
01/08/2011 05:43:19 - 1002	L	512,1,0,0,0,0,0,prontera
01/08/2011 05:43:20 - 1002	L	713,1,0,0,0,0,0,prontera
01/08/2011 05:43:20 - 1002	L	1202,1,0,0,0,0,0,prontera
01/08/2011 05:43:21 - 1002	L	1202,1,0,0,0,0,0,prontera
01/08/2011 05:43:21 - 1002	L	909,1,0,0,0,0,0,prontera
01/08/2011 05:43:21 - 1002	L	713,1,0,0,0,0,0,prontera
01/08/2011 05:43:24 - 1002	M	909,-1,prontera
01/08/2011 05:43:24 - 1002	M	1202,-1,prontera
01/08/2011 05:43:24 - 1002	M	512,-1,prontera
01/08/2011 05:43:24 - 1002	M	713,-1,prontera
01/08/2011 05:43:24 - 1002	L	512,-1,0,0,0,0,0,prontera
01/08/2011 05:43:24 - 1002	L	512,-1,0,0,0,0,0,prontera
01/08/2011 05:43:25 - 1002	L	909,1,0,0,0,0,0,prontera
01/08/2011 05:43:25 - 1002	L	512,1,0,0,0,0,0,prontera
01/08/2011 05:43:25 - 1002	L	512,1,0,0,0,0,0,prontera
01/08/2011 05:43:25 - 1002	L	1202,1,0,0,0,0,0,prontera
01/08/2011 05:43:25 - 1002	L	713,1,0,0,0,0,0,prontera
01/08/2011 05:43:26 - 1002	L	512,1,0,0,0,0,0,prontera
01/08/2011 05:43:31 - 1002	M	909,-1,prontera
01/08/2011 05:43:31 - 1002	M	1202,-1,prontera
01/08/2011 05:43:31 - 1002	M	938,-1,prontera
01/08/2011 05:43:31 - 1002	M	512,-1,prontera
01/08/2011 05:43:31 - 1002	M	713,-1,prontera
01/08/2011 05:43:31 - 1002	L	1202,-1,0,0,0,0,0,prontera
01/08/2011 05:43:31 - 1002	L	1202,-1,0,0,0,0,0,prontera
01/08/2011 05:43:31 - 1002	L	909,-1,0,0,0,0,0,prontera
01/08/2011 05:43:31 - 1002	L	713,-1,0,0,0,0,0,prontera
01/08/2011 05:43:31 - 1002	L	909,-1,0,0,0,0,0,prontera
01/08/2011 05:43:31 - 1002	L	512,-1,0,0,0,0,0,prontera
01/08/2011 05:43:31 - 1002	L	512,-1,0,0,0,0,0,prontera
01/08/2011 05:43:31 - 1002	L	1202,-1,0,0,0,0,0,prontera
01/08/2011 05:43:31 - 1002	L	713,-1,0,0,0,0,0,prontera
01/08/2011 05:43:31 - 1002	L	512,-1,0,0,0,0,0,prontera
01/08/2011 06:01:07 - 150001	A	717,1,prontera
01/08/2011 06:01:18 - 150001	A	5170,1,prontera
01/08/2011 06:01:48 - 1002	M	909,-1,prontera
01/08/2011 06:01:48 - 1002	M	1202,-1,prontera
01/08/2011 06:01:48 - 1002	M	512,-1,prontera
01/08/2011 06:01:48 - 1002	M	713,-1,prontera
01/08/2011 06:02:42 - 150007	P	713,1,0,0,0,0,0,prontera
01/08/2011 06:03:59 - 1031	M	938,-1,prontera
01/08/2011 06:03:59 - 1031	M	910,-1,prontera
01/08/2011 06:03:59 - 1031	M	514,-1,prontera
01/08/2011 06:03:59 - 1031	M	512,-1,prontera
01/08/2011 06:04:11 - 150007	P	514,1,0,0,0,0,0,prontera
01/08/2011 06:04:18 - 150007	P	910,1,0,0,0,0,0,prontera
01/08/2011 06:23:37 - 1917	M	5808,-1,prontera
01/08/2011 06:23:37 - 1917	M	2374,-1,prontera
01/08/2011 06:23:37 - 1917	M	2375,-1,prontera
01/08/2011 06:23:37 - 1917	M	2433,-1,prontera
01/08/2011 06:23:37 - 1917	M	7799,-1,prontera
01/08/2011 06:23:37 - 1917	M	7798,-1,prontera
01/08/2011 06:23:37 - 1917	M	607,-1,prontera
01/08/2011 06:23:37 - 150001	P	607,1,prontera
01/08/2011 06:23:43 - 150007	P	7799,1,0,0,0,0,0,prontera
01/08/2011 06:23:44 - 150007	P	2433,1,0,0,0,0,0,prontera
01/08/2011 06:23:45 - 150007	P	2375,1,0,0,0,0,0,prontera
01/08/2011 06:23:47 - 150007	P	2374,1,0,0,0,0,0,prontera
01/08/2011 06:23:49 - 150007	P	5808,1,0,0,0,0,0,prontera
01/08/2011 06:24:00 - 150001	A	611,1,prontera
01/08/2011 06:24:04 - 150001	A	611,1,prontera
01/08/2011 06:24:07 - 150001	A	611,1,prontera
01/08/2011 06:24:07 - 150001	A	611,1,prontera
01/08/2011 06:24:13 - 150001	P	611,-4,0,0,0,0,0,prontera
01/08/2011 06:24:17 - 150007	P	611,4,0,0,0,0,0,prontera
01/08/2011 06:25:32 - 1765	M	2115,-1,prontera
01/08/2011 06:25:34 - 1765	M	2115,-1,prontera
01/08/2011 06:25:36 - 1765	M	2115,-1,prontera
01/08/2011 06:25:37 - 1751	M	7510,-1,prontera
01/08/2011 06:25:37 - 1751	M	2357,-1,prontera
01/08/2011 06:25:37 - 1751	M	2524,-1,prontera
01/08/2011 06:25:37 - 1751	M	2421,-1,prontera
01/08/2011 06:25:37 - 1751	M	2229,-1,prontera
01/08/2011 06:25:37 - 1751	M	616,-1,prontera
01/08/2011 06:25:37 - 150001	P	616,1,prontera
01/08/2011 06:25:42 - 150007	P	2229,1,0,0,0,0,0,prontera
01/08/2011 06:25:43 - 150001	C	616,-1,0,0,0,0,0,prontera
01/08/2011 06:25:43 - 150001	N	4014,1,prontera
01/08/2011 06:25:43 - 150007	P	2357,1,0,0,0,0,0,prontera
01/08/2011 06:25:44 - 150007	P	2421,1,0,0,0,0,0,prontera
01/08/2011 06:25:46 - 150007	P	2524,1,0,0,0,0,0,prontera
01/08/2011 06:25:46 - 150001	P	4014,-1,0,0,0,0,0,prontera
01/08/2011 06:25:47 - 150007	P	7510,1,0,0,0,0,0,prontera
01/08/2011 06:25:53 - 150007	P	4014,1,0,0,0,0,0,prontera
01/08/2011 06:25:55 - 150007	P	2115,1,0,0,0,0,0,prontera
01/08/2011 06:25:58 - 150007	P	2115,1,0,0,0,0,0,prontera
01/08/2011 06:25:59 - 150007	P	2115,1,0,0,0,0,0,prontera
01/08/2011 06:26:24 - 1874	M	7754,-1,prontera
01/08/2011 06:26:24 - 1874	M	2423,-1,prontera
01/08/2011 06:26:24 - 1874	M	1565,-1,prontera
01/08/2011 06:26:24 - 1874	M	2000,-1,prontera
01/08/2011 06:26:24 - 1874	M	2702,-1,prontera
01/08/2011 06:26:24 - 1874	M	985,-1,prontera
01/08/2011 06:26:24 - 1874	M	617,-1,prontera
01/08/2011 06:26:24 - 150001	P	617,1,prontera
01/08/2011 06:26:34 - 150007	P	2423,1,0,0,0,0,0,prontera
01/08/2011 06:26:36 - 150007	P	985,1,0,0,0,0,0,prontera
01/08/2011 06:26:37 - 150007	P	2702,1,0,0,0,0,0,prontera
01/08/2011 06:26:43 - 2022	M	7444,-1,prontera
01/08/2011 06:26:43 - 2022	M	1484,-1,prontera
01/08/2011 06:26:43 - 2022	M	1417,-1,prontera
01/08/2011 06:26:43 - 2022	M	2610,-1,prontera
01/08/2011 06:26:43 - 2022	M	1170,-1,prontera
01/08/2011 06:26:43 - 2022	M	2554,-1,prontera
01/08/2011 06:26:48 - 150007	P	2554,1,0,0,0,0,0,prontera
01/08/2011 06:26:50 - 150007	P	2610,1,0,0,0,0,0,prontera
01/08/2011 06:26:52 - 150007	P	1417,1,0,0,0,0,0,prontera
01/08/2011 06:26:55 - 150007	P	1484,1,0,0,0,0,0,prontera
01/08/2011 06:26:57 - 150007	P	1170,1,0,0,0,0,0,prontera
01/08/2011 06:26:57 - 150001	A	611,1,prontera
01/08/2011 06:26:58 - 150001	A	611,1,prontera
01/08/2011 06:27:03 - 150001	P	611,-2,0,0,0,0,0,prontera
01/08/2011 06:27:06 - 150007	P	611,2,0,0,0,0,0,prontera
01/08/2011 06:27:09 - 150001	A	611,1,prontera
01/08/2011 06:27:10 - 150001	A	611,1,prontera
01/08/2011 06:27:11 - 150001	P	611,-2,0,0,0,0,0,prontera
01/08/2011 06:27:13 - 150007	P	611,2,0,0,0,0,0,prontera
01/08/2011 06:27:13 - 150001	A	611,1,prontera
01/08/2011 06:27:13 - 150001	A	611,1,prontera
01/08/2011 06:27:14 - 150001	P	611,-2,0,0,0,0,0,prontera
01/08/2011 06:27:19 - 150007	P	611,2,0,0,0,0,0,prontera
01/08/2011 06:30:40 - 1765	M	2115,-1,prontera
01/08/2011 06:32:22 - 150007	P	2554,-1,0,0,0,0,0,prontera
01/08/2011 06:32:25 - 150007	P	2554,1,0,0,0,0,0,prontera
01/08/2011 06:37:38 - 150001	A	717,100,prontera
01/08/2011 06:37:48 - 150001	A	717,100,prontera
01/08/2011 06:37:59 - 150001	A	717,800,prontera
01/08/2011 06:38:10 - 150001	A	715,1000,prontera
01/08/2011 06:38:17 - 150001	A	716,1000,prontera
01/08/2011 06:38:34 - 150001	C	607,-1,0,0,0,0,0,prontera
01/08/2011 06:38:34 - 150001	C	617,-1,0,0,0,0,0,prontera
01/08/2011 06:38:34 - 150001	N	1055,1,prontera
01/08/2011 06:38:37 - 150001	P	1055,-1,0,0,0,0,0,prontera
01/08/2011 06:40:24 - 150001	A	5377,1,prontera
01/08/2011 06:40:34 - 150001	A	5800,1,prontera
01/08/2011 06:46:19 - 1002	M	909,-1,prontera
01/08/2011 06:46:19 - 1002	M	1202,-1,prontera
01/08/2011 06:46:19 - 1002	M	512,-1,prontera
01/08/2011 06:46:19 - 1002	M	713,-1,prontera
01/08/2011 06:46:20 - 1002	L	1202,1,0,0,0,0,0,prontera
01/08/2011 06:46:20 - 1002	L	512,1,0,0,0,0,0,prontera
01/08/2011 06:46:20 - 1002	L	909,1,0,0,0,0,0,prontera
01/08/2011 06:46:20 - 1002	L	713,1,0,0,0,0,0,prontera
01/08/2011 06:46:20 - 1002	M	909,-1,prontera
01/08/2011 06:46:20 - 1002	M	1202,-1,prontera
01/08/2011 06:46:20 - 1002	M	938,-1,prontera
01/08/2011 06:46:20 - 1002	M	512,-1,prontera
01/08/2011 06:46:20 - 1002	M	713,-1,prontera
01/08/2011 06:46:20 - 1002	L	713,1,0,0,0,0,0,prontera
01/08/2011 06:46:20 - 1002	L	1202,1,0,0,0,0,0,prontera
01/08/2011 06:46:21 - 1002	L	909,1,0,0,0,0,0,prontera
01/08/2011 06:46:21 - 1002	L	938,1,0,0,0,0,0,prontera
01/08/2011 06:46:21 - 1002	L	512,1,0,0,0,0,0,prontera
01/08/2011 06:46:21 - 1002	M	909,-1,prontera
01/08/2011 06:46:21 - 1002	M	1202,-1,prontera
01/08/2011 06:46:21 - 1002	M	512,-1,prontera
01/08/2011 06:46:21 - 1002	M	713,-1,prontera
01/08/2011 06:46:21 - 1002	M	619,-1,prontera
01/08/2011 06:46:21 - 1002	L	713,1,0,0,0,0,0,prontera
01/08/2011 06:46:21 - 1002	L	512,1,0,0,0,0,0,prontera
01/08/2011 06:46:21 - 1002	L	619,1,0,0,0,0,0,prontera
01/08/2011 06:46:21 - 1002	L	909,1,0,0,0,0,0,prontera
01/08/2011 06:46:22 - 1002	L	1202,1,0,0,0,0,0,prontera
01/08/2011 06:46:23 - 1002	M	909,-1,prontera
01/08/2011 06:46:23 - 1002	M	1202,-1,prontera
01/08/2011 06:46:23 - 1002	M	938,-1,prontera
01/08/2011 06:46:23 - 1002	M	512,-1,prontera
01/08/2011 06:46:23 - 1002	M	713,-1,prontera
01/08/2011 06:46:23 - 1002	M	512,-1,prontera
01/08/2011 06:46:23 - 1002	L	909,-1,0,0,0,0,0,prontera
01/08/2011 06:46:23 - 1002	L	713,-1,0,0,0,0,0,prontera
01/08/2011 06:46:23 - 1002	L	909,1,0,0,0,0,0,prontera
01/08/2011 06:46:23 - 1002	L	909,1,0,0,0,0,0,prontera
01/08/2011 06:46:23 - 1002	L	1202,1,0,0,0,0,0,prontera
01/08/2011 06:46:23 - 1002	L	938,1,0,0,0,0,0,prontera
01/08/2011 06:46:23 - 1002	L	512,1,0,0,0,0,0,prontera
01/08/2011 06:46:23 - 1002	L	713,1,0,0,0,0,0,prontera
01/08/2011 06:46:23 - 1002	L	713,1,0,0,0,0,0,prontera
01/08/2011 06:46:23 - 1002	L	512,1,0,0,0,0,0,prontera
01/08/2011 06:46:24 - 1002	M	909,-1,prontera
01/08/2011 06:46:24 - 1002	M	1202,-1,prontera
01/08/2011 06:46:24 - 1002	M	512,-1,prontera
01/08/2011 06:46:24 - 1002	M	713,-1,prontera
01/08/2011 06:46:24 - 1002	L	512,-1,0,0,0,0,0,prontera
01/08/2011 06:46:24 - 1002	L	909,1,0,0,0,0,0,prontera
01/08/2011 06:46:24 - 1002	L	1202,1,0,0,0,0,0,prontera
01/08/2011 06:46:24 - 1002	L	512,1,0,0,0,0,0,prontera
01/08/2011 06:46:24 - 1002	L	713,1,0,0,0,0,0,prontera
01/08/2011 06:46:24 - 1002	L	512,1,0,0,0,0,0,prontera
01/08/2011 06:46:28 - 1002	M	909,-1,prontera
01/08/2011 06:46:28 - 1002	M	1202,-1,prontera
01/08/2011 06:46:28 - 1002	M	512,-1,prontera
01/08/2011 06:46:28 - 1002	M	713,-1,prontera
01/08/2011 06:46:28 - 1002	M	619,-1,prontera
01/08/2011 06:46:33 - 1002	L	909,1,0,0,0,0,0,prontera
01/08/2011 06:46:33 - 1002	L	619,1,0,0,0,0,0,prontera
01/08/2011 06:46:33 - 1002	L	713,1,0,0,0,0,0,prontera
01/08/2011 06:46:33 - 1002	L	512,1,0,0,0,0,0,prontera
01/08/2011 06:46:33 - 1002	L	1202,1,0,0,0,0,0,prontera
01/08/2011 06:46:33 - 1002	M	909,-1,prontera
01/08/2011 06:46:33 - 1002	M	1202,-1,prontera
01/08/2011 06:46:33 - 1002	M	938,-1,prontera
01/08/2011 06:46:33 - 1002	M	512,-1,prontera
01/08/2011 06:46:33 - 1002	M	713,-1,prontera
01/08/2011 06:46:33 - 1002	M	909,-1,prontera
01/08/2011 06:46:33 - 1002	M	1202,-1,prontera
01/08/2011 06:46:33 - 1002	M	938,-1,prontera
01/08/2011 06:46:33 - 1002	M	512,-1,prontera
01/08/2011 06:46:33 - 1002	M	713,-1,prontera
01/08/2011 06:46:33 - 1002	M	909,-1,prontera
01/08/2011 06:46:33 - 1002	M	1202,-1,prontera
01/08/2011 06:46:33 - 1002	M	938,-1,prontera
01/08/2011 06:46:33 - 1002	M	512,-1,prontera
01/08/2011 06:46:33 - 1002	M	713,-1,prontera
01/08/2011 06:46:33 - 1002	M	909,-1,prontera
01/08/2011 06:46:33 - 1002	M	1202,-1,prontera
01/08/2011 06:46:33 - 1002	M	512,-1,prontera
01/08/2011 06:46:33 - 1002	M	713,-1,prontera
01/08/2011 06:46:33 - 1002	M	512,-1,prontera
01/08/2011 06:46:33 - 1002	M	909,-1,prontera
01/08/2011 06:46:33 - 1002	M	1202,-1,prontera
01/08/2011 06:46:33 - 1002	M	938,-1,prontera
01/08/2011 06:46:33 - 1002	M	512,-1,prontera
01/08/2011 06:46:33 - 1002	M	713,-1,prontera
01/08/2011 06:46:33 - 1002	M	909,-1,prontera
01/08/2011 06:46:33 - 1002	M	1202,-1,prontera
01/08/2011 06:46:33 - 1002	M	512,-1,prontera
01/08/2011 06:46:33 - 1002	M	713,-1,prontera
01/08/2011 06:46:33 - 1002	M	909,-1,prontera
01/08/2011 06:46:33 - 1002	M	1202,-1,prontera
01/08/2011 06:46:33 - 1002	M	938,-1,prontera
01/08/2011 06:46:33 - 1002	M	512,-1,prontera
01/08/2011 06:46:33 - 1002	M	713,-1,prontera
01/08/2011 06:46:33 - 1002	L	512,-1,0,0,0,0,0,prontera
01/08/2011 06:46:33 - 1002	M	909,-1,prontera
01/08/2011 06:46:33 - 1002	M	1202,-1,prontera
01/08/2011 06:46:33 - 1002	M	512,-1,prontera
01/08/2011 06:46:33 - 1002	M	713,-1,prontera
01/08/2011 06:46:33 - 1002	L	909,-1,0,0,0,0,0,prontera
01/08/2011 06:46:33 - 1002	L	1202,-1,0,0,0,0,0,prontera
01/08/2011 06:46:33 - 1002	M	909,-1,prontera
01/08/2011 06:46:33 - 1002	M	1202,-1,prontera
01/08/2011 06:46:33 - 1002	M	512,-1,prontera
01/08/2011 06:46:33 - 1002	M	713,-1,prontera
01/08/2011 06:46:33 - 1002	L	619,-1,0,0,0,0,0,prontera
01/08/2011 06:46:33 - 1002	M	909,-1,prontera
01/08/2011 06:46:33 - 1002	M	1202,-1,prontera
01/08/2011 06:46:33 - 1002	M	938,-1,prontera
01/08/2011 06:46:33 - 1002	M	512,-1,prontera
01/08/2011 06:46:33 - 1002	M	713,-1,prontera
01/08/2011 06:46:33 - 1002	M	909,-1,prontera
01/08/2011 06:46:33 - 1002	M	1202,-1,prontera
01/08/2011 06:46:33 - 1002	M	938,-1,prontera
01/08/2011 06:46:33 - 1002	M	512,-1,prontera
01/08/2011 06:46:33 - 1002	M	713,-1,prontera
01/08/2011 06:46:33 - 1002	L	713,-1,0,0,0,0,0,prontera
01/08/2011 06:46:33 - 1002	M	909,-1,prontera
01/08/2011 06:46:33 - 1002	M	1202,-1,prontera
01/08/2011 06:46:33 - 1002	M	512,-1,prontera
01/08/2011 06:46:33 - 1002	M	713,-1,prontera
01/08/2011 06:46:33 - 1002	M	512,-1,prontera
01/08/2011 06:46:33 - 1002	M	909,-1,prontera
01/08/2011 06:46:33 - 1002	M	1202,-1,prontera
01/08/2011 06:46:33 - 1002	M	512,-1,prontera
01/08/2011 06:46:33 - 1002	M	713,-1,prontera
01/08/2011 06:46:33 - 1002	L	909,-1,0,0,0,0,0,prontera
01/08/2011 06:46:33 - 1002	M	909,-1,prontera
01/08/2011 06:46:33 - 1002	M	1202,-1,prontera
01/08/2011 06:46:33 - 1002	M	512,-1,prontera
01/08/2011 06:46:33 - 1002	M	713,-1,prontera
01/08/2011 06:46:33 - 1002	L	1202,-1,0,0,0,0,0,prontera
01/08/2011 06:46:33 - 1002	M	909,-1,prontera
01/08/2011 06:46:33 - 1002	M	1202,-1,prontera
01/08/2011 06:46:33 - 1002	M	512,-1,prontera
01/08/2011 06:46:33 - 1002	M	713,-1,prontera
01/08/2011 06:46:33 - 1002	M	909,-1,prontera
01/08/2011 06:46:33 - 1002	M	1202,-1,prontera
01/08/2011 06:46:33 - 1002	M	938,-1,prontera
01/08/2011 06:46:33 - 1002	M	512,-1,prontera
01/08/2011 06:46:33 - 1002	M	713,-1,prontera
01/08/2011 06:46:33 - 1002	L	512,-1,0,0,0,0,0,prontera
01/08/2011 06:46:33 - 1002	M	909,-1,prontera
01/08/2011 06:46:33 - 1002	M	1202,-1,prontera
01/08/2011 06:46:33 - 1002	M	512,-1,prontera
01/08/2011 06:46:33 - 1002	M	713,-1,prontera
01/08/2011 06:46:33 - 1002	M	909,-1,prontera
01/08/2011 06:46:33 - 1002	M	1202,-1,prontera
01/08/2011 06:46:33 - 1002	M	512,-1,prontera
01/08/2011 06:46:33 - 1002	M	713,-1,prontera
01/08/2011 06:46:33 - 1002	M	512,-1,prontera
01/08/2011 06:46:33 - 1002	M	909,-1,prontera
01/08/2011 06:46:33 - 1002	M	1202,-1,prontera
01/08/2011 06:46:33 - 1002	M	512,-1,prontera
01/08/2011 06:46:33 - 1002	M	713,-1,prontera
01/08/2011 06:46:33 - 1002	L	909,-1,0,0,0,0,0,prontera
01/08/2011 06:46:33 - 1002	M	909,-1,prontera
01/08/2011 06:46:33 - 1002	M	1202,-1,prontera
01/08/2011 06:46:33 - 1002	M	512,-1,prontera
01/08/2011 06:46:33 - 1002	M	713,-1,prontera
01/08/2011 06:46:33 - 1002	M	909,-1,prontera
01/08/2011 06:46:33 - 1002	M	1202,-1,prontera
01/08/2011 06:46:33 - 1002	M	938,-1,prontera
01/08/2011 06:46:33 - 1002	M	512,-1,prontera
01/08/2011 06:46:33 - 1002	M	713,-1,prontera
01/08/2011 06:46:33 - 1002	L	1202,-1,0,0,0,0,0,prontera
01/08/2011 06:46:33 - 1002	L	512,-1,0,0,0,0,0,prontera
01/08/2011 06:46:33 - 1002	M	909,-1,prontera
01/08/2011 06:46:33 - 1002	M	1202,-1,prontera
01/08/2011 06:46:33 - 1002	M	938,-1,prontera
01/08/2011 06:46:33 - 1002	M	512,-1,prontera
01/08/2011 06:46:33 - 1002	M	713,-1,prontera
01/08/2011 06:46:33 - 1002	L	938,-1,0,0,0,0,0,prontera
01/08/2011 06:46:33 - 1002	M	909,-1,prontera
01/08/2011 06:46:33 - 1002	M	1202,-1,prontera
01/08/2011 06:46:33 - 1002	M	512,-1,prontera
01/08/2011 06:46:33 - 1002	M	713,-1,prontera
01/08/2011 06:46:33 - 1002	M	4001,-1,prontera
01/08/2011 06:46:33 - 1002	M	909,-1,prontera
01/08/2011 06:46:33 - 1002	M	1202,-1,prontera
01/08/2011 06:46:33 - 1002	M	938,-1,prontera
01/08/2011 06:46:33 - 1002	M	512,-1,prontera
01/08/2011 06:46:33 - 1002	M	713,-1,prontera
01/08/2011 06:46:33 - 1002	L	713,-1,0,0,0,0,0,prontera
01/08/2011 06:46:33 - 1002	M	909,-1,prontera
01/08/2011 06:46:33 - 1002	M	1202,-1,prontera
01/08/2011 06:46:33 - 1002	M	938,-1,prontera
01/08/2011 06:46:33 - 1002	M	512,-1,prontera
01/08/2011 06:46:33 - 1002	M	713,-1,prontera
01/08/2011 06:46:33 - 1002	L	713,-1,0,0,0,0,0,prontera
01/08/2011 06:46:33 - 1002	M	909,-1,prontera
01/08/2011 06:46:33 - 1002	M	1202,-1,prontera
01/08/2011 06:46:33 - 1002	M	938,-1,prontera
01/08/2011 06:46:33 - 1002	M	512,-1,prontera
01/08/2011 06:46:33 - 1002	M	713,-1,prontera
01/08/2011 06:46:33 - 1002	M	512,-1,prontera
01/08/2011 06:46:33 - 1002	L	713,-1,0,0,0,0,0,prontera
01/08/2011 06:46:33 - 1002	L	1202,-1,0,0,0,0,0,prontera
01/08/2011 06:46:33 - 1002	M	909,-1,prontera
01/08/2011 06:46:33 - 1002	M	1202,-1,prontera
01/08/2011 06:46:33 - 1002	M	938,-1,prontera
01/08/2011 06:46:33 - 1002	M	512,-1,prontera
01/08/2011 06:46:33 - 1002	M	713,-1,prontera
01/08/2011 06:46:33 - 1002	M	909,-1,prontera
01/08/2011 06:46:33 - 1002	M	1202,-1,prontera
01/08/2011 06:46:33 - 1002	M	938,-1,prontera
01/08/2011 06:46:33 - 1002	M	512,-1,prontera
01/08/2011 06:46:33 - 1002	M	713,-1,prontera
01/08/2011 06:46:33 - 1002	L	1202,-1,0,0,0,0,0,prontera
01/08/2011 06:46:33 - 1002	L	512,-1,0,0,0,0,0,prontera
01/08/2011 06:46:33 - 1002	L	512,-1,0,0,0,0,0,prontera
01/08/2011 06:46:33 - 1002	M	909,-1,prontera
01/08/2011 06:46:33 - 1002	M	1202,-1,prontera
01/08/2011 06:46:33 - 1002	M	938,-1,prontera
01/08/2011 06:46:33 - 1002	M	512,-1,prontera
01/08/2011 06:46:33 - 1002	M	713,-1,prontera
01/08/2011 06:46:33 - 1002	L	713,-1,0,0,0,0,0,prontera
01/08/2011 06:46:33 - 1002	L	1202,-1,0,0,0,0,0,prontera
01/08/2011 06:46:33 - 1002	L	909,-1,0,0,0,0,0,prontera
01/08/2011 06:46:33 - 1002	L	938,-1,0,0,0,0,0,prontera
01/08/2011 06:46:33 - 1002	M	909,-1,prontera
01/08/2011 06:46:34 - 1002	M	1202,-1,prontera
01/08/2011 06:46:34 - 1002	M	938,-1,prontera
01/08/2011 06:46:34 - 1002	M	512,-1,prontera
01/08/2011 06:46:34 - 1002	M	713,-1,prontera
01/08/2011 06:46:34 - 1002	L	909,-1,0,0,0,0,0,prontera
01/08/2011 06:46:34 - 1002	M	909,-1,prontera
01/08/2011 06:46:34 - 1002	M	1202,-1,prontera
01/08/2011 06:46:34 - 1002	M	512,-1,prontera
01/08/2011 06:46:34 - 1002	M	713,-1,prontera
01/08/2011 06:46:34 - 1002	M	909,-1,prontera
01/08/2011 06:46:34 - 1002	M	1202,-1,prontera
01/08/2011 06:46:34 - 1002	M	938,-1,prontera
01/08/2011 06:46:34 - 1002	M	512,-1,prontera
01/08/2011 06:46:34 - 1002	M	713,-1,prontera
01/08/2011 06:46:34 - 1002	M	909,-1,prontera
01/08/2011 06:46:34 - 1002	M	1202,-1,prontera
01/08/2011 06:46:34 - 1002	M	938,-1,prontera
01/08/2011 06:46:34 - 1002	M	512,-1,prontera
01/08/2011 06:46:34 - 1002	M	713,-1,prontera
01/08/2011 06:46:34 - 1002	M	512,-1,prontera
01/08/2011 06:46:34 - 1002	M	909,-1,prontera
01/08/2011 06:46:34 - 1002	M	1202,-1,prontera
01/08/2011 06:46:34 - 1002	M	938,-1,prontera
01/08/2011 06:46:34 - 1002	M	512,-1,prontera
01/08/2011 06:46:34 - 1002	M	713,-1,prontera
01/08/2011 06:46:34 - 1002	L	512,-1,0,0,0,0,0,prontera
01/08/2011 06:46:34 - 1002	M	909,-1,prontera
01/08/2011 06:46:34 - 1002	M	1202,-1,prontera
01/08/2011 06:46:34 - 1002	M	512,-1,prontera
01/08/2011 06:46:34 - 1002	M	713,-1,prontera
01/08/2011 06:46:34 - 1002	M	909,-1,prontera
01/08/2011 06:46:34 - 1002	M	1202,-1,prontera
01/08/2011 06:46:34 - 1002	M	938,-1,prontera
01/08/2011 06:46:34 - 1002	M	512,-1,prontera
01/08/2011 06:46:34 - 1002	M	713,-1,prontera
01/08/2011 06:46:34 - 1002	M	909,-1,prontera
01/08/2011 06:46:34 - 1002	M	1202,-1,prontera
01/08/2011 06:46:34 - 1002	M	512,-1,prontera
01/08/2011 06:46:34 - 1002	M	713,-1,prontera
01/08/2011 06:46:34 - 1002	L	909,-1,0,0,0,0,0,prontera
01/08/2011 06:46:34 - 1002	L	713,-1,0,0,0,0,0,prontera
01/08/2011 06:46:34 - 1002	M	909,-1,prontera
01/08/2011 06:46:34 - 1002	M	1202,-1,prontera
01/08/2011 06:46:34 - 1002	M	512,-1,prontera
01/08/2011 06:46:34 - 1002	M	713,-1,prontera
01/08/2011 06:46:34 - 1002	L	512,-1,0,0,0,0,0,prontera
01/08/2011 06:46:34 - 1002	M	909,-1,prontera
01/08/2011 06:46:34 - 1002	M	1202,-1,prontera
01/08/2011 06:46:34 - 1002	M	938,-1,prontera
01/08/2011 06:46:34 - 1002	M	512,-1,prontera
01/08/2011 06:46:34 - 1002	M	713,-1,prontera
01/08/2011 06:46:34 - 1002	M	909,-1,prontera
01/08/2011 06:46:34 - 1002	M	1202,-1,prontera
01/08/2011 06:46:34 - 1002	M	512,-1,prontera
01/08/2011 06:46:34 - 1002	M	713,-1,prontera
01/08/2011 06:46:34 - 1002	M	909,-1,prontera
01/08/2011 06:46:34 - 1002	M	1202,-1,prontera
01/08/2011 06:46:34 - 1002	M	938,-1,prontera
01/08/2011 06:46:34 - 1002	M	512,-1,prontera
01/08/2011 06:46:34 - 1002	M	713,-1,prontera
01/08/2011 06:46:34 - 1002	L	619,-1,0,0,0,0,0,prontera
01/08/2011 06:46:34 - 1002	M	909,-1,prontera
01/08/2011 06:46:34 - 1002	M	1202,-1,prontera
01/08/2011 06:46:34 - 1002	M	938,-1,prontera
01/08/2011 06:46:34 - 1002	M	512,-1,prontera
01/08/2011 06:46:34 - 1002	M	713,-1,prontera
01/08/2011 06:46:34 - 1002	M	512,-1,prontera
01/08/2011 06:46:34 - 1002	M	909,-1,prontera
01/08/2011 06:46:34 - 1002	M	1202,-1,prontera
01/08/2011 06:46:34 - 1002	M	512,-1,prontera
01/08/2011 06:46:34 - 1002	M	713,-1,prontera
01/08/2011 06:46:34 - 1002	M	512,-1,prontera
01/08/2011 06:46:34 - 1002	M	909,-1,prontera
01/08/2011 06:46:34 - 1002	M	1202,-1,prontera
01/08/2011 06:46:34 - 1002	M	938,-1,prontera
01/08/2011 06:46:34 - 1002	M	512,-1,prontera
01/08/2011 06:46:34 - 1002	M	713,-1,prontera
01/08/2011 06:46:34 - 1090	M	2257,-1,prontera
01/08/2011 06:46:34 - 1090	M	2116,-1,prontera
01/08/2011 06:46:34 - 1090	M	512,-1,prontera
01/08/2011 06:46:34 - 1090	M	512,-1,prontera
01/08/2011 06:46:34 - 1090	M	531,-1,prontera
01/08/2011 06:46:34 - 1765	M	2115,-1,prontera
01/08/2011 06:46:34 - 1765	M	2115,-1,prontera
01/08/2011 06:46:34 - 1751	M	7510,-1,prontera
01/08/2011 06:46:34 - 1751	M	2357,-1,prontera
01/08/2011 06:46:34 - 1751	M	2524,-1,prontera
01/08/2011 06:46:34 - 1751	M	2421,-1,prontera
01/08/2011 06:46:34 - 1751	M	2229,-1,prontera
01/08/2011 06:46:34 - 1751	M	617,-1,prontera
01/08/2011 06:46:34 - 150001	P	617,1,prontera
01/08/2011 06:46:34 - 1261	M	7053,-1,prontera
01/08/2011 06:46:34 - 1261	M	5037,-1,prontera
01/08/2011 06:46:34 - 1261	M	1767,-1,prontera
01/08/2011 06:46:34 - 1261	M	528,-1,prontera
01/08/2011 06:46:43 - 150001	C	617,-1,0,0,0,0,0,prontera
01/08/2011 06:46:43 - 150001	N	1361,1,prontera
01/08/2011 06:46:46 - 150001	P	1361,-1,0,0,0,0,0,prontera
01/08/2011 06:49:50 - 1751	M	2357,-1,odin_tem03
01/08/2011 06:49:50 - 1751	M	2524,-1,odin_tem03
01/08/2011 06:49:50 - 1751	M	2421,-1,odin_tem03
01/08/2011 06:49:50 - 1751	M	2229,-1,odin_tem03
01/08/2011 06:49:50 - 1751	M	603,-1,odin_tem03
01/08/2011 06:49:50 - 150001	P	603,1,odin_tem03
01/08/2011 06:49:55 - 150001	P	2357,1,0,0,0,0,0,odin_tem03
01/08/2011 06:49:56 - 150001	P	2421,1,0,0,0,0,0,odin_tem03
01/08/2011 06:49:57 - 150001	P	2524,1,0,0,0,0,0,odin_tem03
01/08/2011 06:49:58 - 150001	P	2229,1,0,0,0,0,0,odin_tem03
01/08/2011 06:50:18 - 150001	A	611,100,odin_tem03
01/08/2011 06:50:33 - 150001	P	2229,-1,0,0,0,0,0,odin_tem03
01/08/2011 06:50:50 - 150001	A	4381,1,odin_tem03
01/08/2011 06:51:10 - 150001	A	4058,1,odin_tem03
01/08/2011 06:51:42 - 1765	M	2115,-1,odin_tem03
01/08/2011 06:51:44 - 150001	P	2115,1,0,0,0,0,0,odin_tem03
01/08/2011 06:51:59 - 150001	A	4133,1,odin_tem03
01/08/2011 06:59:38 - 1191	M	1065,-1,prontera
01/08/2011 06:59:38 - 1191	M	611,-1,prontera
01/08/2011 06:59:42 - 1191	M	1065,-1,prontera
01/08/2011 06:59:42 - 1191	M	611,-1,prontera
01/08/2011 06:59:42 - 1191	M	757,-1,prontera
01/08/2011 06:59:50 - 150001	A	714,1,prontera
01/08/2011 07:08:21 - 150001	P	716,-900,0,0,0,0,0,prontera
01/08/2011 07:08:23 - 150001	P	715,-900,0,0,0,0,0,prontera
01/08/2011 07:08:26 - 150001	P	717,-900,0,0,0,0,0,prontera
01/08/2011 07:08:37 - 150001	C	603,-1,0,0,0,0,0,prontera
01/08/2011 07:08:37 - 150001	N	1708,1,prontera
01/08/2011 07:08:39 - 150001	P	1708,-1,0,0,0,0,0,prontera
01/08/2011 13:48:17 - 1002	M	909,-1,prontera
01/08/2011 13:48:17 - 1002	M	1202,-1,prontera
01/08/2011 13:48:17 - 1002	M	512,-1,prontera
01/08/2011 13:48:17 - 1002	M	713,-1,prontera
01/08/2011 14:02:05 - 150005	A	20030,1,prontera
01/08/2011 14:03:31 - 150005	A	20030,1,prontera
01/08/2011 14:13:24 - 150005	A	20026,1,sec_in01
01/08/2011 14:19:12 - 150005	A	20026,1,sec_in01
01/08/2011 14:19:55 - 150005	A	20026,1,sec_in01
01/08/2011 14:20:00 - 150005	P	20026,-1,0,0,0,0,0,sec_in01
01/08/2011 14:20:01 - 150005	P	20026,-1,0,0,0,0,0,sec_in01
01/08/2011 14:20:02 - 150005	P	20026,-1,0,0,0,0,0,sec_in01
01/08/2011 14:58:42 - 150005	A	20026,1,sec_in01
01/08/2011 15:20:05 - 150005	A	20025,1,prontera
01/08/2011 15:21:03 - 150005	A	20026,1,prontera
01/08/2011 15:25:40 - 150005	A	20026,1,prontera
01/08/2011 15:35:34 - 150005	A	20026,1,prontera
10/31/2012 01:31:16 - 150000	A	1201,1,prontera
10/31/2012 01:31:19 - 150000	A	5171,1,prontera
10/31/2012 01:32:11 - 150000	A	5800,1,prontera
10/31/2012 01:32:19 - 150000	A	5801,1,prontera
10/31/2012 01:33:30 - 150000	A	7859,1,prontera
10/31/2012 01:33:47 - 150000	P	1201,-1,0,0,0,0,0,prontera
10/31/2012 01:33:48 - 150000	P	1201,1,0,0,0,0,0,prontera
10/31/2012 04:36:15 - 2024	M	7067,-1,man_fild02
10/31/2012 04:36:15 - 2024	M	6090,-1,man_fild02
10/31/2012 04:36:15 - 2024	M	953,-1,man_fild02
10/31/2012 04:36:15 - 2024	M	7067,-1,man_fild02
10/31/2012 04:36:15 - 2024	M	953,-1,man_fild02
10/31/2012 04:36:15 - 1987	M	955,-1,man_fild02
10/31/2012 04:36:15 - 1987	M	1042,-1,man_fild02
10/31/2012 04:36:15 - 1987	M	912,-1,man_fild02
10/31/2012 04:36:15 - 1987	M	943,-1,man_fild02
10/31/2012 04:36:15 - 1987	M	955,-1,man_fild02
10/31/2012 04:36:15 - 1987	M	1042,-1,man_fild02
10/31/2012 04:36:15 - 1987	M	912,-1,man_fild02
10/31/2012 04:36:15 - 1987	M	943,-1,man_fild02
10/31/2012 04:36:15 - 2024	M	7067,-1,man_fild02
10/31/2012 04:36:15 - 2024	M	6090,-1,man_fild02
10/31/2012 04:36:15 - 2024	M	953,-1,man_fild02
10/31/2012 04:36:15 - 1987	M	955,-1,man_fild02
10/31/2012 04:36:15 - 1987	M	1042,-1,man_fild02
10/31/2012 04:36:15 - 1987	M	912,-1,man_fild02
10/31/2012 04:36:15 - 1987	M	943,-1,man_fild02
10/31/2012 04:36:15 - 2024	M	7067,-1,man_fild02
10/31/2012 04:36:15 - 2024	M	6090,-1,man_fild02
10/31/2012 04:36:15 - 2024	M	953,-1,man_fild02
10/31/2012 04:36:15 - 2024	M	7067,-1,man_fild02
10/31/2012 04:36:15 - 2024	M	6090,-1,man_fild02
10/31/2012 04:36:15 - 2024	M	953,-1,man_fild02
10/31/2012 04:36:15 - 1986	M	6020,-1,man_fild02
10/31/2012 04:36:15 - 1986	M	579,-1,man_fild02
10/31/2012 04:36:15 - 1986	M	516,-1,man_fild02
10/31/2012 04:36:15 - 1986	M	6021,-1,man_fild02
10/31/2012 04:36:15 - 1986	M	1544,-1,man_fild02
10/31/2012 04:36:15 - 2024	M	7067,-1,man_fild02
10/31/2012 04:36:15 - 2024	M	6090,-1,man_fild02
10/31/2012 04:36:15 - 2024	M	953,-1,man_fild02
10/31/2012 04:36:15 - 2024	M	7067,-1,man_fild02
10/31/2012 04:36:15 - 2024	M	6090,-1,man_fild02
10/31/2012 04:36:15 - 2024	M	953,-1,man_fild02
10/31/2012 04:36:15 - 1987	M	955,-1,man_fild02
10/31/2012 04:36:15 - 1987	M	1042,-1,man_fild02
10/31/2012 04:36:15 - 1987	M	912,-1,man_fild02
10/31/2012 04:36:15 - 1987	M	943,-1,man_fild02
10/31/2012 04:36:15 - 1987	M	955,-1,man_fild02
10/31/2012 04:36:15 - 1987	M	1042,-1,man_fild02
10/31/2012 04:36:15 - 1987	M	912,-1,man_fild02
10/31/2012 04:36:15 - 1987	M	943,-1,man_fild02
10/31/2012 04:36:15 - 1987	M	955,-1,man_fild02
10/31/2012 04:36:15 - 1987	M	1042,-1,man_fild02
10/31/2012 04:36:15 - 1987	M	912,-1,man_fild02
10/31/2012 04:36:15 - 1987	M	943,-1,man_fild02
10/31/2012 04:36:15 - 1987	M	955,-1,man_fild02
10/31/2012 04:36:15 - 1987	M	1042,-1,man_fild02
10/31/2012 04:36:15 - 1987	M	912,-1,man_fild02
10/31/2012 04:36:15 - 1987	M	943,-1,man_fild02
10/31/2012 04:36:15 - 1987	M	955,-1,man_fild02
10/31/2012 04:36:15 - 1987	M	1042,-1,man_fild02
10/31/2012 04:36:15 - 1987	M	912,-1,man_fild02
10/31/2012 04:36:15 - 1987	M	943,-1,man_fild02
10/31/2012 04:36:15 - 1986	M	6020,-1,man_fild02
10/31/2012 04:36:15 - 1986	M	579,-1,man_fild02
10/31/2012 04:36:15 - 1986	M	516,-1,man_fild02
10/31/2012 04:36:15 - 1986	M	6021,-1,man_fild02
10/31/2012 04:36:15 - 1986	M	6020,-1,man_fild02
10/31/2012 04:36:15 - 1986	M	579,-1,man_fild02
10/31/2012 04:36:15 - 1986	M	516,-1,man_fild02
10/31/2012 04:36:15 - 1986	M	6021,-1,man_fild02
10/31/2012 04:36:15 - 2024	M	7067,-1,man_fild02
10/31/2012 04:36:15 - 2024	M	6090,-1,man_fild02
10/31/2012 04:36:15 - 2024	M	953,-1,man_fild02
10/31/2012 04:36:15 - 2024	M	2138,-1,man_fild02
10/31/2012 04:36:15 - 2024	M	7067,-1,man_fild02
10/31/2012 04:36:15 - 2024	M	953,-1,man_fild02
10/31/2012 04:36:15 - 2024	M	7067,-1,man_fild02
10/31/2012 04:36:15 - 2024	M	953,-1,man_fild02
10/31/2012 04:36:15 - 1986	M	6020,-1,man_fild02
10/31/2012 04:36:15 - 1986	M	579,-1,man_fild02
10/31/2012 04:36:15 - 1986	M	516,-1,man_fild02
10/31/2012 04:36:15 - 1986	M	6021,-1,man_fild02
10/31/2012 04:36:15 - 1986	M	1544,-1,man_fild02
10/31/2012 04:36:15 - 1987	M	955,-1,man_fild02
10/31/2012 04:36:15 - 1987	M	1042,-1,man_fild02
10/31/2012 04:36:15 - 1987	M	912,-1,man_fild02
10/31/2012 04:36:15 - 1987	M	943,-1,man_fild02
10/31/2012 04:36:15 - 1987	M	2747,-1,man_fild02
10/31/2012 04:36:15 - 1986	M	6020,-1,man_fild02
10/31/2012 04:36:15 - 1986	M	579,-1,man_fild02
10/31/2012 04:36:15 - 1986	M	516,-1,man_fild02
10/31/2012 04:36:15 - 1986	M	6021,-1,man_fild02
10/31/2012 04:36:15 - 1987	M	955,-1,man_fild02
10/31/2012 04:36:15 - 1987	M	1042,-1,man_fild02
10/31/2012 04:36:15 - 1987	M	912,-1,man_fild02
10/31/2012 04:36:15 - 1987	M	943,-1,man_fild02
10/31/2012 04:36:15 - 1987	M	955,-1,man_fild02
10/31/2012 04:36:15 - 1987	M	1042,-1,man_fild02
10/31/2012 04:36:15 - 1987	M	912,-1,man_fild02
10/31/2012 04:36:15 - 1987	M	943,-1,man_fild02
10/31/2012 04:36:15 - 2024	M	7067,-1,man_fild02
10/31/2012 04:36:15 - 2024	M	6090,-1,man_fild02
10/31/2012 04:36:15 - 2024	M	953,-1,man_fild02
10/31/2012 04:36:15 - 2024	M	7067,-1,man_fild02
10/31/2012 04:36:15 - 2024	M	6090,-1,man_fild02
10/31/2012 04:36:15 - 2024	M	953,-1,man_fild02
10/31/2012 04:36:15 - 1987	M	955,-1,man_fild02
10/31/2012 04:36:15 - 1987	M	1042,-1,man_fild02
10/31/2012 04:36:15 - 1987	M	912,-1,man_fild02
10/31/2012 04:36:15 - 1987	M	943,-1,man_fild02
10/31/2012 04:36:15 - 2024	M	7067,-1,man_fild02
10/31/2012 04:36:15 - 2024	M	953,-1,man_fild02
10/31/2012 04:36:15 - 1987	M	955,-1,man_fild02
10/31/2012 04:36:15 - 1987	M	1042,-1,man_fild02
10/31/2012 04:36:15 - 1987	M	912,-1,man_fild02
10/31/2012 04:36:15 - 1987	M	943,-1,man_fild02
10/31/2012 04:36:15 - 1987	M	955,-1,man_fild02
10/31/2012 04:36:15 - 1987	M	1042,-1,man_fild02
10/31/2012 04:36:15 - 1987	M	912,-1,man_fild02
10/31/2012 04:36:15 - 1987	M	943,-1,man_fild02
10/31/2012 04:36:15 - 1987	M	2747,-1,man_fild02
10/31/2012 04:36:15 - 1986	M	6020,-1,man_fild02
10/31/2012 04:36:15 - 1986	M	579,-1,man_fild02
10/31/2012 04:36:15 - 1986	M	516,-1,man_fild02
10/31/2012 04:36:15 - 1986	M	6021,-1,man_fild02
10/31/2012 04:36:15 - 1986	M	1544,-1,man_fild02
10/31/2012 04:36:15 - 2024	M	7067,-1,man_fild02
10/31/2012 04:36:15 - 2024	M	6090,-1,man_fild02
10/31/2012 04:36:15 - 2024	M	953,-1,man_fild02
10/31/2012 04:36:15 - 1986	M	6020,-1,man_fild02
10/31/2012 04:36:15 - 1986	M	579,-1,man_fild02
10/31/2012 04:36:15 - 1986	M	516,-1,man_fild02
10/31/2012 04:36:15 - 1986	M	6021,-1,man_fild02
10/31/2012 04:36:15 - 1986	M	1544,-1,man_fild02
10/31/2012 04:36:15 - 2024	M	7067,-1,man_fild02
10/31/2012 04:36:15 - 2024	M	6090,-1,man_fild02
10/31/2012 04:36:15 - 2024	M	953,-1,man_fild02
10/31/2012 04:36:15 - 1987	M	955,-1,man_fild02
10/31/2012 04:36:15 - 1987	M	1042,-1,man_fild02
10/31/2012 04:36:15 - 1987	M	912,-1,man_fild02
10/31/2012 04:36:15 - 1987	M	943,-1,man_fild02
10/31/2012 04:36:15 - 2024	M	7067,-1,man_fild02
10/31/2012 04:36:15 - 2024	M	953,-1,man_fild02
10/31/2012 04:36:15 - 1987	M	955,-1,man_fild02
10/31/2012 04:36:15 - 1987	M	1042,-1,man_fild02
10/31/2012 04:36:15 - 1987	M	912,-1,man_fild02
10/31/2012 04:36:15 - 1987	M	943,-1,man_fild02
10/31/2012 04:36:15 - 2024	M	7067,-1,man_fild02
10/31/2012 04:36:15 - 2024	M	6090,-1,man_fild02
10/31/2012 04:36:15 - 2024	M	953,-1,man_fild02
10/31/2012 04:36:15 - 1987	M	955,-1,man_fild02
10/31/2012 04:36:15 - 1987	M	1042,-1,man_fild02
10/31/2012 04:36:15 - 1987	M	912,-1,man_fild02
10/31/2012 04:36:15 - 1987	M	943,-1,man_fild02
10/31/2012 04:36:16 - 2024	M	7067,-1,man_fild02
10/31/2012 04:36:16 - 2024	M	6090,-1,man_fild02
10/31/2012 04:36:16 - 2024	M	953,-1,man_fild02
10/31/2012 04:36:16 - 2024	M	7067,-1,man_fild02
10/31/2012 04:36:16 - 2024	M	6090,-1,man_fild02
10/31/2012 04:36:16 - 2024	M	953,-1,man_fild02
10/31/2012 04:36:16 - 2024	M	7067,-1,man_fild02
10/31/2012 04:36:16 - 2024	M	6090,-1,man_fild02
10/31/2012 04:36:17 - 2024	M	953,-1,man_fild02
10/31/2012 04:36:17 - 2024	M	7067,-1,man_fild02
10/31/2012 04:36:17 - 2024	M	953,-1,man_fild02
10/31/2012 04:36:17 - 1987	M	955,-1,man_fild02
10/31/2012 04:36:17 - 1987	M	1042,-1,man_fild02
10/31/2012 04:36:18 - 1987	M	912,-1,man_fild02
10/31/2012 04:36:18 - 1987	M	943,-1,man_fild02
10/31/2012 04:36:18 - 1987	M	1741,-1,man_fild02
10/31/2012 04:36:18 - 2024	M	7067,-1,man_fild02
10/31/2012 04:36:19 - 2024	M	953,-1,man_fild02
10/31/2012 04:36:19 - 2024	M	7067,-1,man_fild02
10/31/2012 04:36:19 - 2024	M	6090,-1,man_fild02
10/31/2012 04:36:19 - 2024	M	953,-1,man_fild02
10/31/2012 04:36:19 - 1986	M	6020,-1,man_fild02
10/31/2012 04:36:19 - 1986	M	579,-1,man_fild02
10/31/2012 04:36:19 - 1986	M	516,-1,man_fild02
10/31/2012 04:36:19 - 1986	M	6021,-1,man_fild02
10/31/2012 04:36:19 - 2024	M	7067,-1,man_fild02
10/31/2012 04:36:19 - 2024	M	953,-1,man_fild02
10/31/2012 04:36:19 - 2024	M	7067,-1,man_fild02
10/31/2012 04:36:19 - 2024	M	6090,-1,man_fild02
10/31/2012 04:36:19 - 2024	M	953,-1,man_fild02
10/31/2012 04:36:19 - 1987	M	955,-1,man_fild02
10/31/2012 04:36:19 - 1987	M	1042,-1,man_fild02
10/31/2012 04:36:19 - 1987	M	912,-1,man_fild02
10/31/2012 04:36:19 - 1987	M	943,-1,man_fild02
10/31/2012 04:36:19 - 1987	M	955,-1,man_fild02
10/31/2012 04:36:19 - 1987	M	1042,-1,man_fild02
10/31/2012 04:36:19 - 1987	M	912,-1,man_fild02
10/31/2012 04:36:19 - 1987	M	943,-1,man_fild02
10/31/2012 04:36:19 - 1986	M	6020,-1,man_fild02
10/31/2012 04:36:19 - 1986	M	579,-1,man_fild02
10/31/2012 04:36:19 - 1986	M	516,-1,man_fild02
10/31/2012 04:36:19 - 1986	M	6021,-1,man_fild02
10/31/2012 04:36:19 - 1986	M	1544,-1,man_fild02
10/31/2012 04:36:19 - 1986	M	6020,-1,man_fild02
10/31/2012 04:36:19 - 1986	M	579,-1,man_fild02
10/31/2012 04:36:19 - 1986	M	516,-1,man_fild02
10/31/2012 04:36:19 - 1986	M	6021,-1,man_fild02
10/31/2012 04:36:19 - 1986	M	1544,-1,man_fild02
10/31/2012 04:36:19 - 1986	M	1925,-1,man_fild02
10/31/2012 04:36:19 - 2024	M	7067,-1,man_fild02
10/31/2012 04:36:19 - 2024	M	953,-1,man_fild02
10/31/2012 04:36:19 - 1986	M	6020,-1,man_fild02
10/31/2012 04:36:19 - 1986	M	579,-1,man_fild02
10/31/2012 04:36:19 - 1986	M	516,-1,man_fild02
10/31/2012 04:36:19 - 1986	M	6021,-1,man_fild02
10/31/2012 04:36:19 - 2024	M	7067,-1,man_fild02
10/31/2012 04:36:19 - 2024	M	6090,-1,man_fild02
10/31/2012 04:36:19 - 2024	M	953,-1,man_fild02
10/31/2012 04:36:19 - 2024	M	7067,-1,man_fild02
10/31/2012 04:36:19 - 2024	M	953,-1,man_fild02
10/31/2012 04:36:19 - 1986	M	6020,-1,man_fild02
10/31/2012 04:36:19 - 1986	M	579,-1,man_fild02
10/31/2012 04:36:19 - 1986	M	516,-1,man_fild02
10/31/2012 04:36:19 - 1986	M	6021,-1,man_fild02
10/31/2012 04:36:19 - 1986	M	1544,-1,man_fild02
10/31/2012 04:36:19 - 2024	M	7067,-1,man_fild02
10/31/2012 04:36:20 - 2024	M	6090,-1,man_fild02
10/31/2012 04:36:20 - 2024	M	953,-1,man_fild02
10/31/2012 04:36:20 - 2024	M	7067,-1,man_fild02
10/31/2012 04:36:20 - 2024	M	6090,-1,man_fild02
10/31/2012 04:36:20 - 2024	M	953,-1,man_fild02
10/31/2012 04:36:20 - 1987	M	955,-1,man_fild02
10/31/2012 04:36:20 - 1987	M	1042,-1,man_fild02
10/31/2012 04:36:20 - 1987	M	912,-1,man_fild02
10/31/2012 04:36:20 - 1987	M	943,-1,man_fild02
10/31/2012 04:36:20 - 1987	M	2746,-1,man_fild02
10/31/2012 04:36:20 - 1987	M	955,-1,man_fild02
10/31/2012 04:36:20 - 1987	M	1042,-1,man_fild02
10/31/2012 04:36:20 - 1987	M	912,-1,man_fild02
10/31/2012 04:36:20 - 1987	M	943,-1,man_fild02
10/31/2012 04:36:20 - 2024	M	7067,-1,man_fild02
10/31/2012 04:36:20 - 2024	M	6090,-1,man_fild02
10/31/2012 04:36:20 - 2024	M	953,-1,man_fild02
10/31/2012 04:36:20 - 1987	M	955,-1,man_fild02
10/31/2012 04:36:20 - 1987	M	1042,-1,man_fild02
10/31/2012 04:36:20 - 1987	M	912,-1,man_fild02
10/31/2012 04:36:20 - 1987	M	943,-1,man_fild02
10/31/2012 04:36:20 - 1986	M	6020,-1,man_fild02
10/31/2012 04:36:20 - 1986	M	579,-1,man_fild02
10/31/2012 04:36:20 - 1986	M	516,-1,man_fild02
10/31/2012 04:36:20 - 1986	M	6021,-1,man_fild02
10/31/2012 04:36:20 - 2024	M	7067,-1,man_fild02
10/31/2012 04:36:20 - 2024	M	6090,-1,man_fild02
10/31/2012 04:36:20 - 2024	M	953,-1,man_fild02
10/31/2012 04:36:20 - 2024	M	7067,-1,man_fild02
10/31/2012 04:36:20 - 2024	M	953,-1,man_fild02
10/31/2012 04:36:20 - 1986	M	6020,-1,man_fild02
10/31/2012 04:36:20 - 1986	M	579,-1,man_fild02
10/31/2012 04:36:20 - 1986	M	516,-1,man_fild02
10/31/2012 04:36:20 - 1986	M	6021,-1,man_fild02
10/31/2012 04:36:20 - 1986	M	1544,-1,man_fild02
10/31/2012 04:36:20 - 1987	M	955,-1,man_fild02
10/31/2012 04:36:20 - 1987	M	1042,-1,man_fild02
10/31/2012 04:36:20 - 1987	M	912,-1,man_fild02
10/31/2012 04:36:20 - 1987	M	943,-1,man_fild02
10/31/2012 04:36:20 - 1987	M	955,-1,man_fild02
10/31/2012 04:36:20 - 1987	M	1042,-1,man_fild02
10/31/2012 04:36:20 - 1987	M	912,-1,man_fild02
10/31/2012 04:36:20 - 1987	M	943,-1,man_fild02
10/31/2012 04:36:20 - 1986	M	6020,-1,man_fild02
10/31/2012 04:36:20 - 1986	M	579,-1,man_fild02
10/31/2012 04:36:20 - 1986	M	516,-1,man_fild02
10/31/2012 04:36:20 - 1986	M	6021,-1,man_fild02
10/31/2012 04:36:20 - 1986	M	1925,-1,man_fild02
10/31/2012 04:36:20 - 1986	M	6020,-1,man_fild02
10/31/2012 04:36:20 - 1986	M	579,-1,man_fild02
10/31/2012 04:36:20 - 1986	M	516,-1,man_fild02
10/31/2012 04:36:20 - 1986	M	6021,-1,man_fild02
10/31/2012 04:36:20 - 1986	M	6020,-1,man_fild02
10/31/2012 04:36:20 - 1986	M	579,-1,man_fild02
10/31/2012 04:36:20 - 1986	M	516,-1,man_fild02
10/31/2012 04:36:20 - 1986	M	6021,-1,man_fild02
10/31/2012 04:36:20 - 2024	M	7067,-1,man_fild02
10/31/2012 04:36:20 - 2024	M	6090,-1,man_fild02
10/31/2012 04:36:20 - 2024	M	953,-1,man_fild02
10/31/2012 04:36:20 - 1986	M	6020,-1,man_fild02
10/31/2012 04:36:20 - 1986	M	579,-1,man_fild02
10/31/2012 04:36:20 - 1986	M	516,-1,man_fild02
10/31/2012 04:36:20 - 1986	M	6021,-1,man_fild02
10/31/2012 04:36:20 - 2024	M	7067,-1,man_fild02
10/31/2012 04:36:20 - 2024	M	6090,-1,man_fild02
10/31/2012 04:36:20 - 2024	M	953,-1,man_fild02
10/31/2012 04:36:20 - 2024	M	2138,-1,man_fild02
10/31/2012 04:36:20 - 1987	M	955,-1,man_fild02
10/31/2012 04:36:20 - 1987	M	1042,-1,man_fild02
10/31/2012 04:36:20 - 1987	M	912,-1,man_fild02
10/31/2012 04:36:20 - 1987	M	943,-1,man_fild02
10/31/2012 04:36:20 - 1987	M	1741,-1,man_fild02
10/31/2012 04:36:20 - 2024	M	7067,-1,man_fild02
10/31/2012 04:36:20 - 2024	M	953,-1,man_fild02
10/31/2012 04:36:20 - 2024	M	7067,-1,man_fild02
10/31/2012 04:36:20 - 2024	M	6090,-1,man_fild02
10/31/2012 04:36:20 - 2024	M	953,-1,man_fild02
10/31/2012 04:36:20 - 1987	M	955,-1,man_fild02
10/31/2012 04:36:20 - 1987	M	1042,-1,man_fild02
10/31/2012 04:36:20 - 1987	M	912,-1,man_fild02
10/31/2012 04:36:20 - 1987	M	943,-1,man_fild02
10/31/2012 04:36:20 - 1987	M	955,-1,man_fild02
10/31/2012 04:36:20 - 1987	M	1042,-1,man_fild02
10/31/2012 04:36:20 - 1987	M	912,-1,man_fild02
10/31/2012 04:36:20 - 1987	M	943,-1,man_fild02
10/31/2012 04:36:20 - 1987	M	1741,-1,man_fild02
10/31/2012 04:36:20 - 1987	M	955,-1,man_fild02
10/31/2012 04:36:20 - 1987	M	1042,-1,man_fild02
10/31/2012 04:36:20 - 1987	M	912,-1,man_fild02
10/31/2012 04:36:20 - 1987	M	943,-1,man_fild02
10/31/2012 04:36:20 - 1986	M	6020,-1,man_fild02
10/31/2012 04:36:20 - 1986	M	579,-1,man_fild02
10/31/2012 04:36:20 - 1986	M	516,-1,man_fild02
10/31/2012 04:36:20 - 1986	M	6021,-1,man_fild02
10/31/2012 04:36:20 - 1986	M	6020,-1,man_fild02
10/31/2012 04:36:20 - 1986	M	579,-1,man_fild02
10/31/2012 04:36:20 - 1986	M	516,-1,man_fild02
10/31/2012 04:36:20 - 1986	M	6021,-1,man_fild02
10/31/2012 04:36:20 - 2024	M	7067,-1,man_fild02
10/31/2012 04:36:20 - 2024	M	6090,-1,man_fild02
10/31/2012 04:36:20 - 2024	M	953,-1,man_fild02
10/31/2012 04:36:20 - 1987	M	955,-1,man_fild02
10/31/2012 04:36:20 - 1987	M	1042,-1,man_fild02
10/31/2012 04:36:20 - 1987	M	912,-1,man_fild02
10/31/2012 04:36:20 - 1987	M	943,-1,man_fild02
10/31/2012 04:36:20 - 2024	M	7067,-1,man_fild02
10/31/2012 04:36:20 - 2024	M	953,-1,man_fild02
10/31/2012 04:36:20 - 1986	M	6020,-1,man_fild02
10/31/2012 04:36:20 - 1986	M	579,-1,man_fild02
10/31/2012 04:36:20 - 1986	M	516,-1,man_fild02
10/31/2012 04:36:20 - 1986	M	6021,-1,man_fild02
10/31/2012 04:36:20 - 1986	M	6020,-1,man_fild02
10/31/2012 04:36:20 - 1986	M	579,-1,man_fild02
10/31/2012 04:36:20 - 1986	M	516,-1,man_fild02
10/31/2012 04:36:20 - 1986	M	6021,-1,man_fild02
10/31/2012 04:36:20 - 1987	M	955,-1,man_fild02
10/31/2012 04:36:20 - 1987	M	1042,-1,man_fild02
10/31/2012 04:36:20 - 1987	M	912,-1,man_fild02
10/31/2012 04:36:20 - 1987	M	943,-1,man_fild02
10/31/2012 04:36:20 - 2024	M	7067,-1,man_fild02
10/31/2012 04:36:20 - 2024	M	953,-1,man_fild02
10/31/2012 04:36:20 - 1986	M	6020,-1,man_fild02
10/31/2012 04:36:20 - 1986	M	579,-1,man_fild02
10/31/2012 04:36:20 - 1986	M	516,-1,man_fild02
10/31/2012 04:36:20 - 1986	M	6021,-1,man_fild02
10/31/2012 04:36:20 - 1986	M	1544,-1,man_fild02
10/31/2012 04:36:20 - 2024	M	7067,-1,man_fild02
10/31/2012 04:36:20 - 2024	M	6090,-1,man_fild02
10/31/2012 04:36:20 - 2024	M	953,-1,man_fild02
10/31/2012 04:36:20 - 2024	M	7067,-1,man_fild02
10/31/2012 04:36:20 - 2024	M	953,-1,man_fild02
10/31/2012 04:36:20 - 2024	M	2138,-1,man_fild02
10/31/2012 04:36:20 - 2024	M	7067,-1,man_fild02
10/31/2012 04:36:20 - 2024	M	6090,-1,man_fild02
10/31/2012 04:36:20 - 2024	M	953,-1,man_fild02
10/31/2012 04:36:20 - 2024	M	7067,-1,man_fild02
10/31/2012 04:36:20 - 2024	M	6090,-1,man_fild02
10/31/2012 04:36:20 - 2024	M	953,-1,man_fild02
10/31/2012 04:36:20 - 1987	M	955,-1,man_fild02
10/31/2012 04:36:20 - 1987	M	1042,-1,man_fild02
10/31/2012 04:36:20 - 1987	M	912,-1,man_fild02
10/31/2012 04:36:20 - 1987	M	943,-1,man_fild02
10/31/2012 04:36:20 - 1987	M	955,-1,man_fild02
10/31/2012 04:36:20 - 1987	M	1042,-1,man_fild02
10/31/2012 04:36:20 - 1987	M	912,-1,man_fild02
10/31/2012 04:36:20 - 1987	M	943,-1,man_fild02
10/31/2012 04:36:20 - 2024	M	7067,-1,man_fild02
10/31/2012 04:36:20 - 2024	M	953,-1,man_fild02
10/31/2012 04:36:20 - 1986	M	6020,-1,man_fild02
10/31/2012 04:36:20 - 1986	M	579,-1,man_fild02
10/31/2012 04:36:20 - 1986	M	516,-1,man_fild02
10/31/2012 04:36:20 - 1986	M	6021,-1,man_fild02
10/31/2012 04:36:20 - 1987	M	955,-1,man_fild02
10/31/2012 04:36:20 - 1987	M	1042,-1,man_fild02
10/31/2012 04:36:20 - 1987	M	912,-1,man_fild02
10/31/2012 04:36:20 - 1987	M	943,-1,man_fild02
10/31/2012 04:36:20 - 1987	M	1741,-1,man_fild02
10/31/2012 04:36:20 - 2024	M	7067,-1,man_fild02
10/31/2012 04:36:20 - 2024	M	6090,-1,man_fild02
10/31/2012 04:36:20 - 2024	M	953,-1,man_fild02
10/31/2012 04:36:20 - 2024	M	7067,-1,man_fild02
10/31/2012 04:36:21 - 2024	M	953,-1,man_fild02
10/31/2012 04:36:21 - 2024	M	7067,-1,man_fild02
10/31/2012 04:36:21 - 2024	M	953,-1,man_fild02
10/31/2012 04:36:21 - 1987	M	955,-1,man_fild02
10/31/2012 04:36:21 - 1987	M	1042,-1,man_fild02
10/31/2012 04:36:21 - 1987	M	912,-1,man_fild02
10/31/2012 04:36:21 - 1987	M	943,-1,man_fild02
10/31/2012 04:36:21 - 1987	M	1741,-1,man_fild02
10/31/2012 04:36:21 - 2024	M	7067,-1,man_fild02
10/31/2012 04:36:21 - 2024	M	6090,-1,man_fild02
10/31/2012 04:36:21 - 2024	M	953,-1,man_fild02
10/31/2012 04:36:21 - 1986	M	6020,-1,man_fild02
10/31/2012 04:36:21 - 1986	M	579,-1,man_fild02
10/31/2012 04:36:21 - 1986	M	516,-1,man_fild02
10/31/2012 04:36:21 - 1986	M	6021,-1,man_fild02
10/31/2012 04:36:21 - 2024	M	7067,-1,man_fild02
10/31/2012 04:36:21 - 2024	M	953,-1,man_fild02
10/31/2012 04:37:11 - 150000	A	1741,1,man_fild02
