Build started 31/10/2012 02:03:55.
     1>Project "C:\ragnarok\Develop - Cronus\[3006] Cronus SQL-TXT\vcproj-9\mapcache.vcxproj" on node 2 (build target(s)).
     1>InitializeBuildStatus:
         Creating "mapcache\Debug\mapcache.unsuccessfulbuild" because "AlwaysCreate" was specified.
       ClCompile:
         c:\Program Files\Microsoft Visual Studio 10.0\VC\bin\CL.exe /c /I..\3rdparty\zlib\include /ZI /nologo /W3 /WX- /Od /Oy- /D WIN32 /D _WIN32 /D __WIN32 /D _DEBUG /D _CRT_SECURE_NO_DEPRECATE /D _CRT_NONSTDC_NO_DEPRECATE /D _MBCS /Gm /RTC1 /MTd /GS /Gy /fp:precise /Zc:wchar_t /Zc:forScope /Fo"mapcache\Debug\\" /Fd"mapcache\Debug\vc100.pdb" /Gd /TC /analyze- /errorReport:prompt ..\src\tool\grfio.c ..\src\tool\mapcache.c
         mapcache.c
         grfio.c
         Generating Code...
       ManifestResourceCompile:
         C:\Program Files\Microsoft SDKs\Windows\v7.0A\bin\rc.exe /nologo /fo"mapcache\Debug\mapcache.exe.embed.manifest.res" mapcache\Debug\mapcache_manifest.rc 
       Link:
         c:\Program Files\Microsoft Visual Studio 10.0\VC\bin\link.exe /ERRORREPORT:PROMPT /OUT:"..\mapcache.exe" /INCREMENTAL /NOLOGO /LIBPATH:..\3rdparty\zlib\lib libcmtd.lib oldnames.lib zdll.lib kernel32.lib user32.lib gdi32.lib winspool.lib comdlg32.lib advapi32.lib shell32.lib ole32.lib oleaut32.lib uuid.lib odbc32.lib odbccp32.lib /NODEFAULTLIB /MANIFEST /ManifestFile:"mapcache\Debug\mapcache.exe.intermediate.manifest" /MANIFESTUAC:"level='asInvoker' uiAccess='false'" /DEBUG /PDB:"..\mapcache.pdb" /SUBSYSTEM:CONSOLE /TLBID:1 /DYNAMICBASE:NO /IMPLIB:"..\mapcache.lib" /MACHINE:X86 mapcache\Debug\mapcache.exe.embed.manifest.res
         mapcache\Debug\grfio.obj
         mapcache\Debug\mapcache.obj /FIXED:NO 
       Manifest:
         C:\Program Files\Microsoft SDKs\Windows\v7.0A\bin\mt.exe /nologo /verbose /out:"mapcache\Debug\mapcache.exe.embed.manifest" /manifest mapcache\Debug\mapcache.exe.intermediate.manifest
         C:\Program Files\Microsoft SDKs\Windows\v7.0A\bin\rc.exe /nologo /fo"mapcache\Debug\mapcache.exe.embed.manifest.res" mapcache\Debug\mapcache_manifest.rc 
       LinkEmbedManifest:
         c:\Program Files\Microsoft Visual Studio 10.0\VC\bin\link.exe /ERRORREPORT:PROMPT /OUT:"..\mapcache.exe" /INCREMENTAL /NOLOGO /LIBPATH:..\3rdparty\zlib\lib libcmtd.lib oldnames.lib zdll.lib kernel32.lib user32.lib gdi32.lib winspool.lib comdlg32.lib advapi32.lib shell32.lib ole32.lib oleaut32.lib uuid.lib odbc32.lib odbccp32.lib /NODEFAULTLIB /MANIFEST /ManifestFile:"mapcache\Debug\mapcache.exe.intermediate.manifest" /MANIFESTUAC:"level='asInvoker' uiAccess='false'" /DEBUG /PDB:"..\mapcache.pdb" /SUBSYSTEM:CONSOLE /TLBID:1 /DYNAMICBASE:NO /IMPLIB:"..\mapcache.lib" /MACHINE:X86 mapcache\Debug\mapcache.exe.embed.manifest.res
         mapcache\Debug\grfio.obj
         mapcache\Debug\mapcache.obj /FIXED:NO 
         mapcache.vcxproj -> C:\ragnarok\Develop - Cronus\[3006] Cronus SQL-TXT\vcproj-9\..\mapcache.exe
       FinalizeBuildStatus:
         Deleting file "mapcache\Debug\mapcache.unsuccessfulbuild".
         Touching "mapcache\Debug\mapcache.lastbuildstate".
     1>Done Building Project "C:\ragnarok\Develop - Cronus\[3006] Cronus SQL-TXT\vcproj-9\mapcache.vcxproj" (build target(s)).

Build succeeded.

Time Elapsed 00:00:01.50
